<?xml version="1.0" encoding="UTF-8"?>
<!-- Generated by org.testng.reporters.JUnitXMLReporter -->
<testsuite hostname="SHA-P04240326" ignored="0" name="Surefire test" tests="5" failures="0" timestamp="24 十月 2019 03:14:17 GMT" time="0.854" errors="0">
  <testcase name="QueryDslBuilder" time="0.653" classname="org.b3log.symphony.util.ElasticsearchTestCase"/>
  <testcase name="QueryDslJSONBuilder" time="0.006" classname="org.b3log.symphony.util.ElasticsearchTestCase"/>
  <testcase name="test" time="0.011" classname="org.b3log.symphony.util.PanguTestCase"/>
  <testcase name="redditScore" time="0.002" classname="org.b3log.symphony.util.RedditScoreTest"/>
  <testcase name="xss" time="0.14" classname="org.b3log.symphony.util.XSSTestCase"/>
</testsuite> <!-- Surefire test -->
