<?xml version="1.0" encoding="UTF-8"?>
<testng-results skipped="0" failed="0" ignored="0" total="5" passed="5">
  <reporter-output>
  </reporter-output>
  <suite name="Surefire suite" duration-ms="854" started-at="2019-10-24T03:14:16Z" finished-at="2019-10-24T03:14:17Z">
    <groups>
    </groups>
    <test name="Surefire test" duration-ms="854" started-at="2019-10-24T03:14:16Z" finished-at="2019-10-24T03:14:17Z">
      <class name="org.b3log.symphony.util.PanguTestCase">
        <test-method status="PASS" signature="test()[pri:0, instance:org.b3log.symphony.util.PanguTestCase@6093dd95]" name="test" duration-ms="11" started-at="2019-10-24T03:14:17Z" finished-at="2019-10-24T03:14:17Z">
          <reporter-output>
          </reporter-output>
        </test-method> <!-- test -->
      </class> <!-- org.b3log.symphony.util.PanguTestCase -->
      <class name="org.b3log.symphony.util.RedditScoreTest">
        <test-method status="PASS" signature="redditScore()[pri:0, instance:org.b3log.symphony.util.RedditScoreTest@5622fdf]" name="redditScore" duration-ms="2" started-at="2019-10-24T03:14:17Z" finished-at="2019-10-24T03:14:17Z">
          <reporter-output>
          </reporter-output>
        </test-method> <!-- redditScore -->
      </class> <!-- org.b3log.symphony.util.RedditScoreTest -->
      <class name="org.b3log.symphony.util.XSSTestCase">
        <test-method status="PASS" signature="xss()[pri:0, instance:org.b3log.symphony.util.XSSTestCase@4883b407]" name="xss" duration-ms="140" started-at="2019-10-24T03:14:17Z" finished-at="2019-10-24T03:14:17Z">
          <reporter-output>
          </reporter-output>
        </test-method> <!-- xss -->
      </class> <!-- org.b3log.symphony.util.XSSTestCase -->
      <class name="org.b3log.symphony.util.ElasticsearchTestCase">
        <test-method status="PASS" signature="QueryDslBuilder()[pri:0, instance:org.b3log.symphony.util.ElasticsearchTestCase@6d4b1c02]" name="QueryDslBuilder" duration-ms="653" started-at="2019-10-24T03:14:16Z" finished-at="2019-10-24T03:14:17Z">
          <reporter-output>
          </reporter-output>
        </test-method> <!-- QueryDslBuilder -->
        <test-method status="PASS" signature="QueryDslJSONBuilder()[pri:0, instance:org.b3log.symphony.util.ElasticsearchTestCase@6d4b1c02]" name="QueryDslJSONBuilder" duration-ms="6" started-at="2019-10-24T03:14:17Z" finished-at="2019-10-24T03:14:17Z">
          <reporter-output>
          </reporter-output>
        </test-method> <!-- QueryDslJSONBuilder -->
      </class> <!-- org.b3log.symphony.util.ElasticsearchTestCase -->
    </test> <!-- Surefire test -->
  </suite> <!-- Surefire suite -->
</testng-results>
