<?xml version="1.0" encoding="UTF-8"?>
<testsuite xmlns:xsi="http://www.w3.org/2001/XMLSchema-instance" xsi:noNamespaceSchemaLocation="https://maven.apache.org/surefire/maven-surefire-plugin/xsd/surefire-test-report.xsd" name="TestSuite" time="2.191" tests="5" errors="0" skipped="0" failures="0">
  <properties>
[...]
</properties>
  <testcase name="QueryDslBuilder" classname="org.b3log.symphony.util.ElasticsearchTestCase" time="0.65"/>
  <testcase name="QueryDslJSONBuilder" classname="org.b3log.symphony.util.ElasticsearchTestCase" time="0.006"/>
  <testcase name="test" classname="org.b3log.symphony.util.PanguTestCase" time="0.011"/>
  <testcase name="redditScore" classname="org.b3log.symphony.util.RedditScoreTest" time="0.003"/>
  <testcase name="xss" classname="org.b3log.symphony.util.XSSTestCase" time="0.143"/>
</testsuite>